<?xml version="1.0" encoding="UTF-8"?>
<!-- Generated by org.testng.reporters.JUnitReportReporter -->
<testsuite hostname="Aswin" failures="0" tests="2" name="WebPage.Verifyleadpage" time="7.188" errors="0" timestamp="2023-08-12T23:08:11 IST" skipped="0">
  <testcase classname="WebPage.Verifyleadpage" name="Run" time="4.137"/>
  <system-out/>
  <testcase classname="WebPage.Verifyleadpage" name="Run" time="3.051"/>
  <system-out/>
</testsuite> <!-- WebPage.Verifyleadpage -->
